<?xml version="1.0" encoding="UTF-8"?>
<!-- Generated by org.testng.reporters.JUnitXMLReporter -->
<testsuite ignored="0" hostname="Prashant" failures="0" tests="10" name="TestEdge" time="85.449" errors="0" timestamp="2025-06-09T22:57:05 EDT">
  <testcase classname="testCases.TC001_AccountRegistrationTest" name="RegistrationTest" time="3.746"/>
  <testcase classname="testCases.TC002_AccountLoginTest" name="TestLogin" time="2.539"/>
  <testcase classname="testCases.TC003_LoginDDT" name="loginDataDTesting" time="3.039"/>
  <testcase classname="testCases.TC003_LoginDDT" name="loginDataDTesting" time="11.598"/>
  <testcase classname="testCases.TC003_LoginDDT" name="loginDataDTesting" time="2.94"/>
  <testcase classname="testCases.TC003_LoginDDT" name="loginDataDTesting" time="11.811"/>
  <testcase classname="testCases.TC003_LoginDDT" name="loginDataDTesting" time="12.19"/>
  <testcase classname="testCases.TC003_LoginDDT" name="loginDataDTesting" time="3.09"/>
  <testcase classname="testCases.TC003_LoginDDT" name="loginDataDTesting" time="3.337"/>
  <testcase classname="testCases.TC0004_CartAndCheckOutTest" name="CartAndCheckOutTest" time="5.049"/>
</testsuite> <!-- TestEdge -->
