<?xml version="1.0" encoding="UTF-8"?>
<!-- Generated by org.testng.reporters.JUnitXMLReporter -->
<testsuite ignored="0" hostname="Prashant" failures="1" tests="10" name="Test" time="77.567" errors="0" timestamp="2025-06-09T22:44:19 EDT">
  <testcase classname="testCases.TC001_AccountRegistrationTest" name="RegistrationTest" time="3.826"/>
  <testcase classname="testCases.TC002_AccountLoginTest" name="TestLogin" time="2.689"/>
  <testcase classname="testCases.TC003_LoginDDT" name="loginDataDTesting" time="3.538"/>
  <testcase classname="testCases.TC003_LoginDDT" name="loginDataDTesting" time="11.613"/>
  <testcase classname="testCases.TC003_LoginDDT" name="loginDataDTesting" time="2.813"/>
  <testcase classname="testCases.TC003_LoginDDT" name="loginDataDTesting" time="11.612"/>
  <testcase classname="testCases.TC003_LoginDDT" name="loginDataDTesting" time="11.997"/>
  <testcase classname="testCases.TC003_LoginDDT" name="loginDataDTesting" time="3.3"/>
  <testcase classname="testCases.TC003_LoginDDT" name="loginDataDTesting" time="2.866"/>
  <testcase classname="testCases.TC0004_CartAndCheckOutTest" name="CartAndCheckOutTest" time="4.94">
    <failure type="java.lang.AssertionError" message="null">
      <![CDATA[java.lang.AssertionError: null
at testCases.TC0004_CartAndCheckOutTest.CartAndCheckOutTest(TC0004_CartAndCheckOutTest.java:71)
at java.base/java.util.ArrayList.forEach(ArrayList.java:1596)
... Removed 27 stack frames]]>
    </failure>
  </testcase> <!-- CartAndCheckOutTest -->
</testsuite> <!-- Test -->
