<?xml version="1.0" encoding="UTF-8"?>
<testng-results ignored="0" total="2" passed="2" failed="0" skipped="0">
  <reporter-output>
  </reporter-output>
  <suite started-at="2025-06-10T11:10:00 EDT" name="Master Suite" finished-at="2025-06-10T11:10:13 EDT" duration-ms="12953">
    <groups>
      <group name="Master">
        <method signature="TC001_AccountRegistrationTest.RegistrationTest()[pri:2, instance:testCases.TC001_AccountRegistrationTest@158d2680]" name="RegistrationTest" class="testCases.TC001_AccountRegistrationTest"/>
        <method signature="TC002_AccountLoginTest.TestLogin()[pri:3, instance:testCases.TC002_AccountLoginTest@5c33f1a9]" name="TestLogin" class="testCases.TC002_AccountLoginTest"/>
      </group> <!-- Master -->
      <group name="Sanity">
        <method signature="TC002_AccountLoginTest.TestLogin()[pri:3, instance:testCases.TC002_AccountLoginTest@5c33f1a9]" name="TestLogin" class="testCases.TC002_AccountLoginTest"/>
      </group> <!-- Sanity -->
      <group name="Regression">
        <method signature="TC001_AccountRegistrationTest.RegistrationTest()[pri:2, instance:testCases.TC001_AccountRegistrationTest@158d2680]" name="RegistrationTest" class="testCases.TC001_AccountRegistrationTest"/>
      </group> <!-- Regression -->
    </groups>
    <test started-at="2025-06-10T11:10:00 EDT" name="Test" finished-at="2025-06-10T11:10:13 EDT" duration-ms="12953">
      <class name="testCases.TC001_AccountRegistrationTest">
        <test-method is-config="true" signature="setup(java.lang.String,java.lang.String)[pri:0, instance:testCases.TC001_AccountRegistrationTest@158d2680]" started-at="2025-06-10T11:10:00 EDT" name="setup" finished-at="2025-06-10T11:10:04 EDT" duration-ms="4190" status="PASS">
          <params>
            <param index="0">
              <value>
                <![CDATA[Windows]]>
              </value>
            </param>
            <param index="1">
              <value>
                <![CDATA[chrome]]>
              </value>
            </param>
          </params>
          <reporter-output>
          </reporter-output>
        </test-method> <!-- setup -->
        <test-method signature="RegistrationTest()[pri:2, instance:testCases.TC001_AccountRegistrationTest@158d2680]" started-at="2025-06-10T11:10:04 EDT" name="RegistrationTest" finished-at="2025-06-10T11:10:07 EDT" duration-ms="3381" status="PASS">
          <reporter-output>
          </reporter-output>
        </test-method> <!-- RegistrationTest -->
        <test-method is-config="true" signature="teardown()[pri:0, instance:testCases.TC001_AccountRegistrationTest@158d2680]" started-at="2025-06-10T11:10:07 EDT" name="teardown" finished-at="2025-06-10T11:10:08 EDT" duration-ms="170" status="PASS">
          <reporter-output>
          </reporter-output>
        </test-method> <!-- teardown -->
      </class> <!-- testCases.TC001_AccountRegistrationTest -->
      <class name="testCases.TC002_AccountLoginTest">
        <test-method is-config="true" signature="setup(java.lang.String,java.lang.String)[pri:0, instance:testCases.TC002_AccountLoginTest@5c33f1a9]" started-at="2025-06-10T11:10:08 EDT" name="setup" finished-at="2025-06-10T11:10:10 EDT" duration-ms="2947" status="PASS">
          <params>
            <param index="0">
              <value>
                <![CDATA[Windows]]>
              </value>
            </param>
            <param index="1">
              <value>
                <![CDATA[chrome]]>
              </value>
            </param>
          </params>
          <reporter-output>
          </reporter-output>
        </test-method> <!-- setup -->
        <test-method signature="TestLogin()[pri:3, instance:testCases.TC002_AccountLoginTest@5c33f1a9]" started-at="2025-06-10T11:10:10 EDT" name="TestLogin" finished-at="2025-06-10T11:10:12 EDT" duration-ms="1953" status="PASS">
          <reporter-output>
          </reporter-output>
        </test-method> <!-- TestLogin -->
        <test-method is-config="true" signature="teardown()[pri:0, instance:testCases.TC002_AccountLoginTest@5c33f1a9]" started-at="2025-06-10T11:10:12 EDT" name="teardown" finished-at="2025-06-10T11:10:13 EDT" duration-ms="139" status="PASS">
          <reporter-output>
          </reporter-output>
        </test-method> <!-- teardown -->
      </class> <!-- testCases.TC002_AccountLoginTest -->
    </test> <!-- Test -->
  </suite> <!-- Master Suite -->
</testng-results>
